[2019-11-12 21:21:25] Error text: Class 'Client\Controller\Exception' not found | File: /var/www/html/env/client/Controller/HomeController.php | String number: 18
===========
[2019-11-12 21:22:59] Error text: Class 'Client\Controller\Exception' not found | File: /var/www/html/env/client/Controller/HomeController.php | String number: 12
===========
[2019-11-12 21:23:26] Error text: SQLSTATE[HY000] [2002] php_network_getaddresses: getaddrinfo failed: Name or service not known | File: /var/www/html/core/Worker/Db/Connection.php | String number: 18
===========
[2019-11-12 21:23:26] Error text: SQLSTATE[HY000] [2002] php_network_getaddresses: getaddrinfo failed: Name or service not known | File: /var/www/html/core/Worker/Db/Connection.php | String number: 18
===========
[2019-11-12 21:23:26] Error text: SQLSTATE[HY000] [2002] php_network_getaddresses: getaddrinfo failed: Name or service not known | File: /var/www/html/core/Worker/Db/Connection.php | String number: 18
===========
[2019-11-12 21:26:12] Error text: SQLSTATE[HY000] [2002] No such file or directory | File: /var/www/html/core/Worker/Db/Connection.php | String number: 18
===========
[2019-11-12 21:26:24] Error text: SQLSTATE[HY000] [2002] No such file or directory | File: /var/www/html/core/Worker/Db/Connection.php | String number: 18
===========
[2019-11-12 21:26:24] Error text: SQLSTATE[HY000] [2002] No such file or directory | File: /var/www/html/core/Worker/Db/Connection.php | String number: 18
===========
[2019-11-12 21:26:41] Error text: SQLSTATE[HY000] [2002] No such file or directory | File: /var/www/html/core/Worker/Db/Connection.php | String number: 18
===========
[2019-11-12 21:26:41] Error text: SQLSTATE[HY000] [2002] No such file or directory | File: /var/www/html/core/Worker/Db/Connection.php | String number: 18
===========
[2019-11-12 21:27:13] Error text: SQLSTATE[HY000] [2002] No such file or directory | File: /var/www/html/core/Worker/Db/Connection.php | String number: 18
===========
[2019-11-12 21:27:13] Error text: SQLSTATE[HY000] [2002] No such file or directory | File: /var/www/html/core/Worker/Db/Connection.php | String number: 18
===========
[2019-11-12 21:27:13] Error text: SQLSTATE[HY000] [2002] No such file or directory | File: /var/www/html/core/Worker/Db/Connection.php | String number: 18
===========
[2019-11-12 21:27:52] Error text: SQLSTATE[HY000] [2002] php_network_getaddresses: getaddrinfo failed: Name or service not known | File: /var/www/html/core/Worker/Db/Connection.php | String number: 18
===========
[2019-11-12 21:27:52] Error text: SQLSTATE[HY000] [2002] php_network_getaddresses: getaddrinfo failed: Name or service not known | File: /var/www/html/core/Worker/Db/Connection.php | String number: 18
===========
[2019-11-12 21:27:52] Error text: SQLSTATE[HY000] [2002] php_network_getaddresses: getaddrinfo failed: Name or service not known | File: /var/www/html/core/Worker/Db/Connection.php | String number: 18
===========
[2019-11-12 22:20:46] Error text: Class 'R' not found | File: /var/www/html/env/admin/Model/User.php | String number: 52
===========
[2019-11-12 22:21:57] Error text: Class 'R' not found | File: /var/www/html/env/admin/Model/User.php | String number: 52
===========
[2019-11-12 22:23:27] Error text: Call to a member function findOne() on null | File: /var/www/html/vendor/gabordemooij/redbean/RedBeanPHP/Facade.php | String number: 989
===========
